2017-04-20 01:48:21 Error: [Cake\Routing\Exception\MissingControllerException] Controller class Css could not be found.
Exception Attributes: array (
  'class' => 'Css',
  'plugin' => false,
  'prefix' => false,
  '_ext' => false,
)
Request URL: /css/cake.css
Referer URL: http://localhost:8765/
Stack Trace:
#0 C:\Users\admin\Desktop\ProyectoRecorridosGeologicos\vendor\cakephp\cakephp\src\Http\ControllerFactory.php(70): Cake\Http\ControllerFactory->missingController(Object(Cake\Http\ServerRequest))
#1 C:\Users\admin\Desktop\ProyectoRecorridosGeologicos\vendor\cakephp\cakephp\src\Http\ActionDispatcher.php(90): Cake\Http\ControllerFactory->create(Object(Cake\Http\ServerRequest), Object(Cake\Http\Response))
#2 C:\Users\admin\Desktop\ProyectoRecorridosGeologicos\vendor\cakephp\cakephp\src\Http\BaseApplication.php(78): Cake\Http\ActionDispatcher->dispatch(Object(Cake\Http\ServerRequest), Object(Cake\Http\Response))
#3 C:\Users\admin\Desktop\ProyectoRecorridosGeologicos\vendor\cakephp\cakephp\src\Http\Runner.php(65): Cake\Http\BaseApplication->__invoke(Object(Cake\Http\ServerRequest), Object(Cake\Http\Response), Object(Cake\Http\Runner))
#4 C:\Users\admin\Desktop\ProyectoRecorridosGeologicos\vendor\cakephp\cakephp\src\Routing\Middleware\RoutingMiddleware.php(59): Cake\Http\Runner->__invoke(Object(Cake\Http\ServerRequest), Object(Cake\Http\Response))
#5 C:\Users\admin\Desktop\ProyectoRecorridosGeologicos\vendor\cakephp\cakephp\src\Http\Runner.php(65): Cake\Routing\Middleware\RoutingMiddleware->__invoke(Object(Cake\Http\ServerRequest), Object(Cake\Http\Response), Object(Cake\Http\Runner))
#6 C:\Users\admin\Desktop\ProyectoRecorridosGeologicos\vendor\cakephp\cakephp\src\Routing\Middleware\AssetMiddleware.php(93): Cake\Http\Runner->__invoke(Object(Cake\Http\ServerRequest), Object(Cake\Http\Response))
#7 C:\Users\admin\Desktop\ProyectoRecorridosGeologicos\vendor\cakephp\cakephp\src\Http\Runner.php(65): Cake\Routing\Middleware\AssetMiddleware->__invoke(Object(Cake\Http\ServerRequest), Object(Cake\Http\Response), Object(Cake\Http\Runner))
#8 C:\Users\admin\Desktop\ProyectoRecorridosGeologicos\vendor\cakephp\cakephp\src\Error\Middleware\ErrorHandlerMiddleware.php(92): Cake\Http\Runner->__invoke(Object(Cake\Http\ServerRequest), Object(Cake\Http\Response))
#9 C:\Users\admin\Desktop\ProyectoRecorridosGeologicos\vendor\cakephp\cakephp\src\Http\Runner.php(65): Cake\Error\Middleware\ErrorHandlerMiddleware->__invoke(Object(Cake\Http\ServerRequest), Object(Cake\Http\Response), Object(Cake\Http\Runner))
#10 C:\Users\admin\Desktop\ProyectoRecorridosGeologicos\vendor\cakephp\cakephp\src\Http\Runner.php(51): Cake\Http\Runner->__invoke(Object(Cake\Http\ServerRequest), Object(Cake\Http\Response))
#11 C:\Users\admin\Desktop\ProyectoRecorridosGeologicos\vendor\cakephp\cakephp\src\Http\Server.php(80): Cake\Http\Runner->run(Object(Cake\Http\MiddlewareQueue), Object(Cake\Http\ServerRequest), Object(Cake\Http\Response))
#12 C:\Users\admin\Desktop\ProyectoRecorridosGeologicos\webroot\index.php(37): Cake\Http\Server->run()
#13 {main}


2017-04-20 01:48:21 Error: [Cake\Routing\Exception\MissingControllerException] Controller class Font could not be found.
Exception Attributes: array (
  'class' => 'Font',
  'plugin' => false,
  'prefix' => false,
  '_ext' => false,
)
Request URL: /font/cakedingbats-webfont.woff2
Referer URL: http://localhost:8765/css/home.css
Stack Trace:
#0 C:\Users\admin\Desktop\ProyectoRecorridosGeologicos\vendor\cakephp\cakephp\src\Http\ControllerFactory.php(70): Cake\Http\ControllerFactory->missingController(Object(Cake\Http\ServerRequest))
#1 C:\Users\admin\Desktop\ProyectoRecorridosGeologicos\vendor\cakephp\cakephp\src\Http\ActionDispatcher.php(90): Cake\Http\ControllerFactory->create(Object(Cake\Http\ServerRequest), Object(Cake\Http\Response))
#2 C:\Users\admin\Desktop\ProyectoRecorridosGeologicos\vendor\cakephp\cakephp\src\Http\BaseApplication.php(78): Cake\Http\ActionDispatcher->dispatch(Object(Cake\Http\ServerRequest), Object(Cake\Http\Response))
#3 C:\Users\admin\Desktop\ProyectoRecorridosGeologicos\vendor\cakephp\cakephp\src\Http\Runner.php(65): Cake\Http\BaseApplication->__invoke(Object(Cake\Http\ServerRequest), Object(Cake\Http\Response), Object(Cake\Http\Runner))
#4 C:\Users\admin\Desktop\ProyectoRecorridosGeologicos\vendor\cakephp\cakephp\src\Routing\Middleware\RoutingMiddleware.php(59): Cake\Http\Runner->__invoke(Object(Cake\Http\ServerRequest), Object(Cake\Http\Response))
#5 C:\Users\admin\Desktop\ProyectoRecorridosGeologicos\vendor\cakephp\cakephp\src\Http\Runner.php(65): Cake\Routing\Middleware\RoutingMiddleware->__invoke(Object(Cake\Http\ServerRequest), Object(Cake\Http\Response), Object(Cake\Http\Runner))
#6 C:\Users\admin\Desktop\ProyectoRecorridosGeologicos\vendor\cakephp\cakephp\src\Routing\Middleware\AssetMiddleware.php(93): Cake\Http\Runner->__invoke(Object(Cake\Http\ServerRequest), Object(Cake\Http\Response))
#7 C:\Users\admin\Desktop\ProyectoRecorridosGeologicos\vendor\cakephp\cakephp\src\Http\Runner.php(65): Cake\Routing\Middleware\AssetMiddleware->__invoke(Object(Cake\Http\ServerRequest), Object(Cake\Http\Response), Object(Cake\Http\Runner))
#8 C:\Users\admin\Desktop\ProyectoRecorridosGeologicos\vendor\cakephp\cakephp\src\Error\Middleware\ErrorHandlerMiddleware.php(92): Cake\Http\Runner->__invoke(Object(Cake\Http\ServerRequest), Object(Cake\Http\Response))
#9 C:\Users\admin\Desktop\ProyectoRecorridosGeologicos\vendor\cakephp\cakephp\src\Http\Runner.php(65): Cake\Error\Middleware\ErrorHandlerMiddleware->__invoke(Object(Cake\Http\ServerRequest), Object(Cake\Http\Response), Object(Cake\Http\Runner))
#10 C:\Users\admin\Desktop\ProyectoRecorridosGeologicos\vendor\cakephp\cakephp\src\Http\Runner.php(51): Cake\Http\Runner->__invoke(Object(Cake\Http\ServerRequest), Object(Cake\Http\Response))
#11 C:\Users\admin\Desktop\ProyectoRecorridosGeologicos\vendor\cakephp\cakephp\src\Http\Server.php(80): Cake\Http\Runner->run(Object(Cake\Http\MiddlewareQueue), Object(Cake\Http\ServerRequest), Object(Cake\Http\Response))
#12 C:\Users\admin\Desktop\ProyectoRecorridosGeologicos\webroot\index.php(37): Cake\Http\Server->run()
#13 {main}


2017-04-20 01:48:22 Error: [Cake\Routing\Exception\MissingControllerException] Controller class Font could not be found.
Exception Attributes: array (
  'class' => 'Font',
  'plugin' => false,
  'prefix' => false,
  '_ext' => false,
)
Request URL: /font/cakedingbats-webfont.woff
Referer URL: http://localhost:8765/css/home.css
Stack Trace:
#0 C:\Users\admin\Desktop\ProyectoRecorridosGeologicos\vendor\cakephp\cakephp\src\Http\ControllerFactory.php(70): Cake\Http\ControllerFactory->missingController(Object(Cake\Http\ServerRequest))
#1 C:\Users\admin\Desktop\ProyectoRecorridosGeologicos\vendor\cakephp\cakephp\src\Http\ActionDispatcher.php(90): Cake\Http\ControllerFactory->create(Object(Cake\Http\ServerRequest), Object(Cake\Http\Response))
#2 C:\Users\admin\Desktop\ProyectoRecorridosGeologicos\vendor\cakephp\cakephp\src\Http\BaseApplication.php(78): Cake\Http\ActionDispatcher->dispatch(Object(Cake\Http\ServerRequest), Object(Cake\Http\Response))
#3 C:\Users\admin\Desktop\ProyectoRecorridosGeologicos\vendor\cakephp\cakephp\src\Http\Runner.php(65): Cake\Http\BaseApplication->__invoke(Object(Cake\Http\ServerRequest), Object(Cake\Http\Response), Object(Cake\Http\Runner))
#4 C:\Users\admin\Desktop\ProyectoRecorridosGeologicos\vendor\cakephp\cakephp\src\Routing\Middleware\RoutingMiddleware.php(59): Cake\Http\Runner->__invoke(Object(Cake\Http\ServerRequest), Object(Cake\Http\Response))
#5 C:\Users\admin\Desktop\ProyectoRecorridosGeologicos\vendor\cakephp\cakephp\src\Http\Runner.php(65): Cake\Routing\Middleware\RoutingMiddleware->__invoke(Object(Cake\Http\ServerRequest), Object(Cake\Http\Response), Object(Cake\Http\Runner))
#6 C:\Users\admin\Desktop\ProyectoRecorridosGeologicos\vendor\cakephp\cakephp\src\Routing\Middleware\AssetMiddleware.php(93): Cake\Http\Runner->__invoke(Object(Cake\Http\ServerRequest), Object(Cake\Http\Response))
#7 C:\Users\admin\Desktop\ProyectoRecorridosGeologicos\vendor\cakephp\cakephp\src\Http\Runner.php(65): Cake\Routing\Middleware\AssetMiddleware->__invoke(Object(Cake\Http\ServerRequest), Object(Cake\Http\Response), Object(Cake\Http\Runner))
#8 C:\Users\admin\Desktop\ProyectoRecorridosGeologicos\vendor\cakephp\cakephp\src\Error\Middleware\ErrorHandlerMiddleware.php(92): Cake\Http\Runner->__invoke(Object(Cake\Http\ServerRequest), Object(Cake\Http\Response))
#9 C:\Users\admin\Desktop\ProyectoRecorridosGeologicos\vendor\cakephp\cakephp\src\Http\Runner.php(65): Cake\Error\Middleware\ErrorHandlerMiddleware->__invoke(Object(Cake\Http\ServerRequest), Object(Cake\Http\Response), Object(Cake\Http\Runner))
#10 C:\Users\admin\Desktop\ProyectoRecorridosGeologicos\vendor\cakephp\cakephp\src\Http\Runner.php(51): Cake\Http\Runner->__invoke(Object(Cake\Http\ServerRequest), Object(Cake\Http\Response))
#11 C:\Users\admin\Desktop\ProyectoRecorridosGeologicos\vendor\cakephp\cakephp\src\Http\Server.php(80): Cake\Http\Runner->run(Object(Cake\Http\MiddlewareQueue), Object(Cake\Http\ServerRequest), Object(Cake\Http\Response))
#12 C:\Users\admin\Desktop\ProyectoRecorridosGeologicos\webroot\index.php(37): Cake\Http\Server->run()
#13 {main}


2017-04-20 01:48:23 Error: [Cake\Routing\Exception\MissingControllerException] Controller class Font could not be found.
Exception Attributes: array (
  'class' => 'Font',
  'plugin' => false,
  'prefix' => false,
  '_ext' => false,
)
Request URL: /font/cakedingbats-webfont.ttf
Referer URL: http://localhost:8765/css/home.css
Stack Trace:
#0 C:\Users\admin\Desktop\ProyectoRecorridosGeologicos\vendor\cakephp\cakephp\src\Http\ControllerFactory.php(70): Cake\Http\ControllerFactory->missingController(Object(Cake\Http\ServerRequest))
#1 C:\Users\admin\Desktop\ProyectoRecorridosGeologicos\vendor\cakephp\cakephp\src\Http\ActionDispatcher.php(90): Cake\Http\ControllerFactory->create(Object(Cake\Http\ServerRequest), Object(Cake\Http\Response))
#2 C:\Users\admin\Desktop\ProyectoRecorridosGeologicos\vendor\cakephp\cakephp\src\Http\BaseApplication.php(78): Cake\Http\ActionDispatcher->dispatch(Object(Cake\Http\ServerRequest), Object(Cake\Http\Response))
#3 C:\Users\admin\Desktop\ProyectoRecorridosGeologicos\vendor\cakephp\cakephp\src\Http\Runner.php(65): Cake\Http\BaseApplication->__invoke(Object(Cake\Http\ServerRequest), Object(Cake\Http\Response), Object(Cake\Http\Runner))
#4 C:\Users\admin\Desktop\ProyectoRecorridosGeologicos\vendor\cakephp\cakephp\src\Routing\Middleware\RoutingMiddleware.php(59): Cake\Http\Runner->__invoke(Object(Cake\Http\ServerRequest), Object(Cake\Http\Response))
#5 C:\Users\admin\Desktop\ProyectoRecorridosGeologicos\vendor\cakephp\cakephp\src\Http\Runner.php(65): Cake\Routing\Middleware\RoutingMiddleware->__invoke(Object(Cake\Http\ServerRequest), Object(Cake\Http\Response), Object(Cake\Http\Runner))
#6 C:\Users\admin\Desktop\ProyectoRecorridosGeologicos\vendor\cakephp\cakephp\src\Routing\Middleware\AssetMiddleware.php(93): Cake\Http\Runner->__invoke(Object(Cake\Http\ServerRequest), Object(Cake\Http\Response))
#7 C:\Users\admin\Desktop\ProyectoRecorridosGeologicos\vendor\cakephp\cakephp\src\Http\Runner.php(65): Cake\Routing\Middleware\AssetMiddleware->__invoke(Object(Cake\Http\ServerRequest), Object(Cake\Http\Response), Object(Cake\Http\Runner))
#8 C:\Users\admin\Desktop\ProyectoRecorridosGeologicos\vendor\cakephp\cakephp\src\Error\Middleware\ErrorHandlerMiddleware.php(92): Cake\Http\Runner->__invoke(Object(Cake\Http\ServerRequest), Object(Cake\Http\Response))
#9 C:\Users\admin\Desktop\ProyectoRecorridosGeologicos\vendor\cakephp\cakephp\src\Http\Runner.php(65): Cake\Error\Middleware\ErrorHandlerMiddleware->__invoke(Object(Cake\Http\ServerRequest), Object(Cake\Http\Response), Object(Cake\Http\Runner))
#10 C:\Users\admin\Desktop\ProyectoRecorridosGeologicos\vendor\cakephp\cakephp\src\Http\Runner.php(51): Cake\Http\Runner->__invoke(Object(Cake\Http\ServerRequest), Object(Cake\Http\Response))
#11 C:\Users\admin\Desktop\ProyectoRecorridosGeologicos\vendor\cakephp\cakephp\src\Http\Server.php(80): Cake\Http\Runner->run(Object(Cake\Http\MiddlewareQueue), Object(Cake\Http\ServerRequest), Object(Cake\Http\Response))
#12 C:\Users\admin\Desktop\ProyectoRecorridosGeologicos\webroot\index.php(37): Cake\Http\Server->run()
#13 {main}


2017-04-20 16:14:39 Error: [Cake\Routing\Exception\MissingControllerException] Controller class Css could not be found.
Exception Attributes: array (
  'class' => 'Css',
  'plugin' => false,
  'prefix' => false,
  '_ext' => false,
)
Request URL: /css/cake.css
Referer URL: http://localhost:8765/
Stack Trace:
#0 C:\Users\Isabel\Documents\UCR\Ingeniería de Software 2\ProyectoRecorridosGeologicos\vendor\cakephp\cakephp\src\Http\ControllerFactory.php(70): Cake\Http\ControllerFactory->missingController(Object(Cake\Http\ServerRequest))
#1 C:\Users\Isabel\Documents\UCR\Ingeniería de Software 2\ProyectoRecorridosGeologicos\vendor\cakephp\cakephp\src\Http\ActionDispatcher.php(90): Cake\Http\ControllerFactory->create(Object(Cake\Http\ServerRequest), Object(Cake\Http\Response))
#2 C:\Users\Isabel\Documents\UCR\Ingeniería de Software 2\ProyectoRecorridosGeologicos\vendor\cakephp\cakephp\src\Http\BaseApplication.php(78): Cake\Http\ActionDispatcher->dispatch(Object(Cake\Http\ServerRequest), Object(Cake\Http\Response))
#3 C:\Users\Isabel\Documents\UCR\Ingeniería de Software 2\ProyectoRecorridosGeologicos\vendor\cakephp\cakephp\src\Http\Runner.php(65): Cake\Http\BaseApplication->__invoke(Object(Cake\Http\ServerRequest), Object(Cake\Http\Response), Object(Cake\Http\Runner))
#4 C:\Users\Isabel\Documents\UCR\Ingeniería de Software 2\ProyectoRecorridosGeologicos\vendor\cakephp\cakephp\src\Routing\Middleware\RoutingMiddleware.php(59): Cake\Http\Runner->__invoke(Object(Cake\Http\ServerRequest), Object(Cake\Http\Response))
#5 C:\Users\Isabel\Documents\UCR\Ingeniería de Software 2\ProyectoRecorridosGeologicos\vendor\cakephp\cakephp\src\Http\Runner.php(65): Cake\Routing\Middleware\RoutingMiddleware->__invoke(Object(Cake\Http\ServerRequest), Object(Cake\Http\Response), Object(Cake\Http\Runner))
#6 C:\Users\Isabel\Documents\UCR\Ingeniería de Software 2\ProyectoRecorridosGeologicos\vendor\cakephp\cakephp\src\Routing\Middleware\AssetMiddleware.php(93): Cake\Http\Runner->__invoke(Object(Cake\Http\ServerRequest), Object(Cake\Http\Response))
#7 C:\Users\Isabel\Documents\UCR\Ingeniería de Software 2\ProyectoRecorridosGeologicos\vendor\cakephp\cakephp\src\Http\Runner.php(65): Cake\Routing\Middleware\AssetMiddleware->__invoke(Object(Cake\Http\ServerRequest), Object(Cake\Http\Response), Object(Cake\Http\Runner))
#8 C:\Users\Isabel\Documents\UCR\Ingeniería de Software 2\ProyectoRecorridosGeologicos\vendor\cakephp\cakephp\src\Error\Middleware\ErrorHandlerMiddleware.php(92): Cake\Http\Runner->__invoke(Object(Cake\Http\ServerRequest), Object(Cake\Http\Response))
#9 C:\Users\Isabel\Documents\UCR\Ingeniería de Software 2\ProyectoRecorridosGeologicos\vendor\cakephp\cakephp\src\Http\Runner.php(65): Cake\Error\Middleware\ErrorHandlerMiddleware->__invoke(Object(Cake\Http\ServerRequest), Object(Cake\Http\Response), Object(Cake\Http\Runner))
#10 C:\Users\Isabel\Documents\UCR\Ingeniería de Software 2\ProyectoRecorridosGeologicos\vendor\cakephp\cakephp\src\Http\Runner.php(51): Cake\Http\Runner->__invoke(Object(Cake\Http\ServerRequest), Object(Cake\Http\Response))
#11 C:\Users\Isabel\Documents\UCR\Ingeniería de Software 2\ProyectoRecorridosGeologicos\vendor\cakephp\cakephp\src\Http\Server.php(80): Cake\Http\Runner->run(Object(Cake\Http\MiddlewareQueue), Object(Cake\Http\ServerRequest), Object(Cake\Http\Response))
#12 C:\Users\Isabel\Documents\UCR\Ingeniería de Software 2\ProyectoRecorridosGeologicos\webroot\index.php(37): Cake\Http\Server->run()
#13 {main}


2017-04-23 21:42:40 Error: [Cake\Routing\Exception\MissingControllerException] Controller class Layout could not be found.
Exception Attributes: array (
  'class' => 'Layout',
  'plugin' => false,
  'prefix' => false,
  '_ext' => false,
)
Request URL: /layout/casa
Stack Trace:
#0 C:\Inge\Prueba\ProyectoRecorridosGeologicos\vendor\cakephp\cakephp\src\Http\ControllerFactory.php(70): Cake\Http\ControllerFactory->missingController(Object(Cake\Http\ServerRequest))
#1 C:\Inge\Prueba\ProyectoRecorridosGeologicos\vendor\cakephp\cakephp\src\Http\ActionDispatcher.php(90): Cake\Http\ControllerFactory->create(Object(Cake\Http\ServerRequest), Object(Cake\Http\Response))
#2 C:\Inge\Prueba\ProyectoRecorridosGeologicos\vendor\cakephp\cakephp\src\Http\BaseApplication.php(78): Cake\Http\ActionDispatcher->dispatch(Object(Cake\Http\ServerRequest), Object(Cake\Http\Response))
#3 C:\Inge\Prueba\ProyectoRecorridosGeologicos\vendor\cakephp\cakephp\src\Http\Runner.php(65): Cake\Http\BaseApplication->__invoke(Object(Cake\Http\ServerRequest), Object(Cake\Http\Response), Object(Cake\Http\Runner))
#4 C:\Inge\Prueba\ProyectoRecorridosGeologicos\vendor\cakephp\cakephp\src\Routing\Middleware\RoutingMiddleware.php(59): Cake\Http\Runner->__invoke(Object(Cake\Http\ServerRequest), Object(Cake\Http\Response))
#5 C:\Inge\Prueba\ProyectoRecorridosGeologicos\vendor\cakephp\cakephp\src\Http\Runner.php(65): Cake\Routing\Middleware\RoutingMiddleware->__invoke(Object(Cake\Http\ServerRequest), Object(Cake\Http\Response), Object(Cake\Http\Runner))
#6 C:\Inge\Prueba\ProyectoRecorridosGeologicos\vendor\cakephp\cakephp\src\Routing\Middleware\AssetMiddleware.php(88): Cake\Http\Runner->__invoke(Object(Cake\Http\ServerRequest), Object(Cake\Http\Response))
#7 C:\Inge\Prueba\ProyectoRecorridosGeologicos\vendor\cakephp\cakephp\src\Http\Runner.php(65): Cake\Routing\Middleware\AssetMiddleware->__invoke(Object(Cake\Http\ServerRequest), Object(Cake\Http\Response), Object(Cake\Http\Runner))
#8 C:\Inge\Prueba\ProyectoRecorridosGeologicos\vendor\cakephp\cakephp\src\Error\Middleware\ErrorHandlerMiddleware.php(92): Cake\Http\Runner->__invoke(Object(Cake\Http\ServerRequest), Object(Cake\Http\Response))
#9 C:\Inge\Prueba\ProyectoRecorridosGeologicos\vendor\cakephp\cakephp\src\Http\Runner.php(65): Cake\Error\Middleware\ErrorHandlerMiddleware->__invoke(Object(Cake\Http\ServerRequest), Object(Cake\Http\Response), Object(Cake\Http\Runner))
#10 C:\Inge\Prueba\ProyectoRecorridosGeologicos\vendor\cakephp\cakephp\src\Http\Runner.php(51): Cake\Http\Runner->__invoke(Object(Cake\Http\ServerRequest), Object(Cake\Http\Response))
#11 C:\Inge\Prueba\ProyectoRecorridosGeologicos\vendor\cakephp\cakephp\src\Http\Server.php(80): Cake\Http\Runner->run(Object(Cake\Http\MiddlewareQueue), Object(Cake\Http\ServerRequest), Object(Cake\Http\Response))
#12 C:\Inge\Prueba\ProyectoRecorridosGeologicos\webroot\index.php(37): Cake\Http\Server->run()
#13 {main}


